#
# A fatal error has been detected by the Java Runtime Environment:
#
#  Internal Error (classFileParser.cpp:3494), pid=8299, tid=3068128112
#  Error: ShouldNotReachHere()
#
# JRE version: 6.0_30-b12
# Java VM: Java HotSpot(TM) Client VM (20.5-b03 mixed mode linux-x86 )
# If you would like to submit a bug report, please visit:
#   http://java.sun.com/webapps/bugreport/crash.jsp
#

---------------  T H R E A D  ---------------

Current thread (0x0887e000):  JavaThread "Unknown thread" [_thread_in_vm, id=8300, stack(0xb6dae000,0xb6dff000)]

Stack: [0xb6dae000,0xb6dff000],  sp=0xb6dfd7d0,  free space=317k
Native frames: (J=compiled Java code, j=interpreted, Vv=VM code, C=native code)
V  [libjvm.so+0x469140]  VMError::report_and_die()+0x2b0
V  [libjvm.so+0x1c68af]  report_should_not_reach_here(char const*, int)+0x3f
V  [libjvm.so+0x171c3a]  ClassFileParser::parseClassFile(symbolHandle, Handle, Handle, KlassHandle, GrowableArray<Handle>*, symbolHandle&, bool, Thread*)+0x2d9a
V  [libjvm.so+0x177c81]  ClassLoader::load_classfile(symbolHandle, Thread*)+0x221
V  [libjvm.so+0x407f92]  SystemDictionary::load_instance_class(symbolHandle, Handle, Thread*)+0xf2
V  [libjvm.so+0x40602e]  SystemDictionary::resolve_instance_class_or_null(symbolHandle, Handle, Handle, Thread*)+0x55e
V  [libjvm.so+0x404df6]  SystemDictionary::resolve_or_null(symbolHandle, Handle, Handle, Thread*)+0x66
V  [libjvm.so+0x404a60]  SystemDictionary::resolve_or_fail(symbolHandle, Handle, Handle, bool, Thread*)+0x30
V  [libjvm.so+0x40987a]  SystemDictionary::initialize_wk_klass(SystemDictionary::WKID, int, Thread*)+0x6a
V  [libjvm.so+0x40990c]  SystemDictionary::initialize_wk_klasses_until(SystemDictionary::WKID, SystemDictionary::WKID&, Thread*)+0x4c
V  [libjvm.so+0x4099d0]  SystemDictionary::initialize_preloaded_classes(Thread*)+0x70
V  [libjvm.so+0x4097a1]  SystemDictionary::initialize(Thread*)+0xe1
V  [libjvm.so+0x4453ca]  Universe::genesis(Thread*)+0x4da
V  [libjvm.so+0x446a8f]  universe2_init()+0x1f
V  [libjvm.so+0x225ed8]  init_globals()+0x98
V  [libjvm.so+0x4395d2]  Threads::create_vm(JavaVMInitArgs*, bool*)+0x242
V  [libjvm.so+0x280956]  JNI_CreateJavaVM+0x56
C  [java+0x305c]
C  [java+0x1942]  JavaMain+0x72
C  [libpthread.so.0+0x580e]  short+0xbe


---------------  P R O C E S S  ---------------

Java Threads: ( => current thread )

Other Threads:

=>0x0887e000 (exited) JavaThread "Unknown thread" [_thread_in_vm, id=8300, stack(0xb6dae000,0xb6dff000)]

VM state:not at safepoint (not fully initialized)

VM Mutex/Monitor currently owned by a thread: None

Dynamic libraries:
08048000-08052000 r-xp 00000000 08:06 208096     /home/doriane/dev/jdk1.6.0_30/bin/java
08052000-08053000 rwxp 00009000 08:06 208096     /home/doriane/dev/jdk1.6.0_30/bin/java
08878000-088f3000 rwxp 00000000 00:00 0          [heap]
a0f26000-a0f8b000 r-xs 004cb000 08:05 31705      /media/CE10769E10768CE9_/android-sdk-linux1/platforms/android-8/android.jar
a0f8b000-a0f92000 rwxp 00000000 00:00 0 
a0f92000-a0fac000 rwxp 00000000 00:00 0 
a0fac000-a0fb2000 rwxp 00000000 00:00 0 
a0fb2000-a1001000 rwxp 00000000 00:00 0 
a1001000-a1004000 rwxp 00000000 00:00 0 
a1004000-a102b000 rwxp 00000000 00:00 0 
a102b000-a1031000 rwxp 00000000 00:00 0 
a1031000-a107f000 rwxp 00000000 00:00 0 
a107f000-a1085000 rwxp 00000000 00:00 0 
a1085000-a109f000 rwxp 00000000 00:00 0 
a109f000-a15d0000 rwxp 00000000 00:00 0 
a15d0000-a64a0000 rwxp 00000000 00:00 0 
a64a0000-a6f20000 rwxp 00000000 00:00 0 
a6f20000-b0ca0000 rwxp 00000000 00:00 0 
b0ca0000-b18a0000 rwxp 00000000 00:00 0 
b18a0000-b4ca0000 rwxp 00000000 00:00 0 
b4ca5000-b4ca6000 rwxp 00000000 00:00 0 
b4ca6000-b4d25000 rwxp 00000000 00:00 0 
b4d25000-b4d55000 rwxp 00000000 00:00 0 
b4d55000-b6d25000 rwxp 00000000 00:00 0 
b6d25000-b6d34000 r-xp 00000000 08:06 220960     /home/doriane/dev/jdk1.6.0_30/jre/lib/i386/libzip.so
b6d34000-b6d36000 rwxp 0000e000 08:06 220960     /home/doriane/dev/jdk1.6.0_30/jre/lib/i386/libzip.so
b6d36000-b6d40000 r-xp 00000000 08:06 67119      /lib/tls/i686/cmov/libnss_files-2.10.1.so
b6d40000-b6d41000 r-xp 00009000 08:06 67119      /lib/tls/i686/cmov/libnss_files-2.10.1.so
b6d41000-b6d42000 rwxp 0000a000 08:06 67119      /lib/tls/i686/cmov/libnss_files-2.10.1.so
b6d42000-b6d4b000 r-xp 00000000 08:06 67123      /lib/tls/i686/cmov/libnss_nis-2.10.1.so
b6d4b000-b6d4c000 r-xp 00008000 08:06 67123      /lib/tls/i686/cmov/libnss_nis-2.10.1.so
b6d4c000-b6d4d000 rwxp 00009000 08:06 67123      /lib/tls/i686/cmov/libnss_nis-2.10.1.so
b6d53000-b6d5b000 rwxs 00000000 08:06 43528      /tmp/hsperfdata_doriane/8299
b6d5b000-b6d6e000 r-xp 00000000 08:06 67113      /lib/tls/i686/cmov/libnsl-2.10.1.so
b6d6e000-b6d6f000 r-xp 00012000 08:06 67113      /lib/tls/i686/cmov/libnsl-2.10.1.so
b6d6f000-b6d70000 rwxp 00013000 08:06 67113      /lib/tls/i686/cmov/libnsl-2.10.1.so
b6d70000-b6d72000 rwxp 00000000 00:00 0 
b6d76000-b6d7c000 r-xp 00000000 08:06 67115      /lib/tls/i686/cmov/libnss_compat-2.10.1.so
b6d7c000-b6d7d000 r-xp 00005000 08:06 67115      /lib/tls/i686/cmov/libnss_compat-2.10.1.so
b6d7d000-b6d7e000 rwxp 00006000 08:06 67115      /lib/tls/i686/cmov/libnss_compat-2.10.1.so
b6d7e000-b6d7f000 rwxp 00000000 00:00 0 
b6d7f000-b6d80000 r-xp 00000000 00:00 0 
b6d80000-b6da3000 r-xp 00000000 08:06 220958     /home/doriane/dev/jdk1.6.0_30/jre/lib/i386/libjava.so
b6da3000-b6da5000 rwxp 00023000 08:06 220958     /home/doriane/dev/jdk1.6.0_30/jre/lib/i386/libjava.so
b6da5000-b6dac000 r-xp 00000000 08:06 67132      /lib/tls/i686/cmov/librt-2.10.1.so
b6dac000-b6dad000 r-xp 00006000 08:06 67132      /lib/tls/i686/cmov/librt-2.10.1.so
b6dad000-b6dae000 rwxp 00007000 08:06 67132      /lib/tls/i686/cmov/librt-2.10.1.so
b6dae000-b6db1000 ---p 00000000 00:00 0 
b6db1000-b6dff000 rwxp 00000000 00:00 0 
b6dff000-b6e23000 r-xp 00000000 08:06 67110      /lib/tls/i686/cmov/libm-2.10.1.so
b6e23000-b6e24000 r-xp 00023000 08:06 67110      /lib/tls/i686/cmov/libm-2.10.1.so
b6e24000-b6e25000 rwxp 00024000 08:06 67110      /lib/tls/i686/cmov/libm-2.10.1.so
b6e25000-b7306000 r-xp 00000000 08:06 229550     /home/doriane/dev/jdk1.6.0_30/jre/lib/i386/client/libjvm.so
b7306000-b7329000 rwxp 004e1000 08:06 229550     /home/doriane/dev/jdk1.6.0_30/jre/lib/i386/client/libjvm.so
b7329000-b7746000 rwxp 00000000 00:00 0 
b7746000-b7884000 r-xp 00000000 08:06 67102      /lib/tls/i686/cmov/libc-2.10.1.so
b7884000-b7886000 r-xp 0013e000 08:06 67102      /lib/tls/i686/cmov/libc-2.10.1.so
b7886000-b7887000 rwxp 00140000 08:06 67102      /lib/tls/i686/cmov/libc-2.10.1.so
b7887000-b788a000 rwxp 00000000 00:00 0 
b788a000-b788c000 r-xp 00000000 08:06 67108      /lib/tls/i686/cmov/libdl-2.10.1.so
b788c000-b788d000 r-xp 00001000 08:06 67108      /lib/tls/i686/cmov/libdl-2.10.1.so
b788d000-b788e000 rwxp 00002000 08:06 67108      /lib/tls/i686/cmov/libdl-2.10.1.so
b788e000-b7895000 r-xp 00000000 08:06 229554     /home/doriane/dev/jdk1.6.0_30/jre/lib/i386/jli/libjli.so
b7895000-b7897000 rwxp 00006000 08:06 229554     /home/doriane/dev/jdk1.6.0_30/jre/lib/i386/jli/libjli.so
b7897000-b7898000 rwxp 00000000 00:00 0 
b7898000-b78ad000 r-xp 00000000 08:06 67128      /lib/tls/i686/cmov/libpthread-2.10.1.so
b78ad000-b78ae000 r-xp 00014000 08:06 67128      /lib/tls/i686/cmov/libpthread-2.10.1.so
b78ae000-b78af000 rwxp 00015000 08:06 67128      /lib/tls/i686/cmov/libpthread-2.10.1.so
b78af000-b78b1000 rwxp 00000000 00:00 0 
b78b3000-b78be000 r-xp 00000000 08:06 220957     /home/doriane/dev/jdk1.6.0_30/jre/lib/i386/libverify.so
b78be000-b78bf000 rwxp 0000b000 08:06 220957     /home/doriane/dev/jdk1.6.0_30/jre/lib/i386/libverify.so
b78bf000-b78c1000 rwxp 00000000 00:00 0 
b78c1000-b78c2000 r-xp 00000000 00:00 0          [vdso]
b78c2000-b78dd000 r-xp 00000000 08:06 56696      /lib/ld-2.10.1.so
b78dd000-b78de000 r-xp 0001a000 08:06 56696      /lib/ld-2.10.1.so
b78de000-b78df000 rwxp 0001b000 08:06 56696      /lib/ld-2.10.1.so
bff99000-bffae000 rwxp 00000000 00:00 0          [stack]

VM Arguments:
jvm_args: -Dfile.encoding=UTF-8 -Xbootclasspath:/media/CE10769E10768CE9_/android-sdk-linux1/platforms/android-8/android.jar 
java_command: com.example.bizzgo.ClientBD
Launcher Type: SUN_STANDARD

Environment Variables:
JAVA_HOME=/home/doriane/dev/jdk1.6.0_30
PATH=/home/doriane/dev/android-sdk-linux_x86-1.6_r1/tools:/home/doriane/dev/jboss-6.0.0/bin:/usr/local/sbin:/usr/local/bin:/usr/sbin:/usr/bin:/sbin:/bin:/usr/games:/home/doriane/dev/eclipse:/home/doriane/dev/jdk1.6.0_30/bin:/usr/local/sbin:/usr/local/bin:/usr/sbin:/usr/bin:/sbin:/bin:/usr/games
USERNAME=doriane
LD_LIBRARY_PATH=/home/doriane/dev/jdk1.6.0_30/jre/lib/i386/client:/home/doriane/dev/jdk1.6.0_30/jre/lib/i386:/home/doriane/dev/jdk1.6.0_30/jre/../lib/i386:/home/doriane/dev/jdk1.6.0_30/jre/lib/i386/client:/home/doriane/dev/jdk1.6.0_30/jre/lib/i386:
SHELL=/bin/bash
DISPLAY=:0.0

Signal Handlers:
SIGSEGV: [libjvm.so+0x469da0], sa_mask[0]=0x7ffbfeff, sa_flags=0x10000004
SIGBUS: [libjvm.so+0x469da0], sa_mask[0]=0x7ffbfeff, sa_flags=0x10000004
SIGFPE: [libjvm.so+0x38bdd0], sa_mask[0]=0x7ffbfeff, sa_flags=0x10000004
SIGPIPE: [libjvm.so+0x38bdd0], sa_mask[0]=0x7ffbfeff, sa_flags=0x10000004
SIGXFSZ: [libjvm.so+0x38bdd0], sa_mask[0]=0x7ffbfeff, sa_flags=0x10000004
SIGILL: [libjvm.so+0x38bdd0], sa_mask[0]=0x7ffbfeff, sa_flags=0x10000004
SIGUSR1: SIG_DFL, sa_mask[0]=0x00000000, sa_flags=0x00000000
SIGUSR2: [libjvm.so+0x38f030], sa_mask[0]=0x00000004, sa_flags=0x10000004
SIGHUP: SIG_DFL, sa_mask[0]=0x00000000, sa_flags=0x00000000
SIGINT: SIG_DFL, sa_mask[0]=0x00000000, sa_flags=0x00000000
SIGTERM: SIG_DFL, sa_mask[0]=0x00000000, sa_flags=0x00000000
SIGQUIT: SIG_DFL, sa_mask[0]=0x00000000, sa_flags=0x00000000


---------------  S Y S T E M  ---------------

OS:squeeze/sid

uname:Linux 2.6.31-14-generic #48-Ubuntu SMP Fri Oct 16 14:04:26 UTC 2009 i686
libc:glibc 2.10.1 NPTL 2.10.1 
rlimit: STACK 8192k, CORE 0k, NPROC infinity, NOFILE 1024, AS infinity
load average:0.43 0.48 0.40

/proc/meminfo:
MemTotal:        1026468 kB
MemFree:           14532 kB
Buffers:           13856 kB
Cached:           129624 kB
SwapCached:        15756 kB
Active:           479688 kB
Inactive:         461632 kB
Active(anon):     402164 kB
Inactive(anon):   406076 kB
Active(file):      77524 kB
Inactive(file):    55556 kB
Unevictable:           0 kB
Mlocked:               0 kB
HighTotal:        139080 kB
HighFree:            252 kB
LowTotal:         887388 kB
LowFree:           14280 kB
SwapTotal:        971892 kB
SwapFree:         847348 kB
Dirty:                88 kB
Writeback:             0 kB
AnonPages:        789500 kB
Mapped:            87320 kB
Slab:              17804 kB
SReclaimable:       8260 kB
SUnreclaim:         9544 kB
PageTables:         7108 kB
NFS_Unstable:          0 kB
Bounce:                0 kB
WritebackTmp:          0 kB
CommitLimit:     1485124 kB
Committed_AS:    1731588 kB
VmallocTotal:     122880 kB
VmallocUsed:        7276 kB
VmallocChunk:     106996 kB
HugePages_Total:       0
HugePages_Free:        0
HugePages_Rsvd:        0
HugePages_Surp:        0
Hugepagesize:       4096 kB
DirectMap4k:       57336 kB
DirectMap4M:      851968 kB


CPU:total 1 (1 cores per cpu, 1 threads per core) family 6 model 13 stepping 6, cmov, cx8, fxsr, mmx, sse, sse2

/proc/cpuinfo:
processor	: 0
vendor_id	: GenuineIntel
cpu family	: 6
model		: 13
model name	: Intel(R) Pentium(R) M processor 1.80GHz
stepping	: 6
cpu MHz		: 1800.000
cache size	: 2048 KB
fdiv_bug	: no
hlt_bug		: no
f00f_bug	: no
coma_bug	: no
fpu		: yes
fpu_exception	: yes
cpuid level	: 2
wp		: yes
flags		: fpu vme de pse tsc msr mce cx8 mtrr pge mca cmov clflush dts acpi mmx fxsr sse sse2 ss tm pbe up bts est tm2
bogomips	: 3588.43
clflush size	: 64
power management:



Memory: 4k page, physical 1026468k(14532k free), swap 971892k(847348k free)

vm_info: Java HotSpot(TM) Client VM (20.5-b03) for linux-x86 JRE (1.6.0_30-b12), built on Nov 10 2011 01:23:40 by "java_re" with gcc 3.2.1-7a (J2SE release)

time: Tue Aug 28 14:40:56 2012
elapsed time: 0 seconds

