#
# A fatal error has been detected by the Java Runtime Environment:
#
#  Internal Error (classFileParser.cpp:3494), pid=8384, tid=3067083632
#  Error: ShouldNotReachHere()
#
# JRE version: 6.0_30-b12
# Java VM: Java HotSpot(TM) Client VM (20.5-b03 mixed mode linux-x86 )
# If you would like to submit a bug report, please visit:
#   http://java.sun.com/webapps/bugreport/crash.jsp
#

---------------  T H R E A D  ---------------

Current thread (0x09668000):  JavaThread "Unknown thread" [_thread_in_vm, id=8389, stack(0xb6caf000,0xb6d00000)]

Stack: [0xb6caf000,0xb6d00000],  sp=0xb6cfe7d0,  free space=317k
Native frames: (J=compiled Java code, j=interpreted, Vv=VM code, C=native code)
V  [libjvm.so+0x469140]  VMError::report_and_die()+0x2b0
V  [libjvm.so+0x1c68af]  report_should_not_reach_here(char const*, int)+0x3f
V  [libjvm.so+0x171c3a]  ClassFileParser::parseClassFile(symbolHandle, Handle, Handle, KlassHandle, GrowableArray<Handle>*, symbolHandle&, bool, Thread*)+0x2d9a
V  [libjvm.so+0x177c81]  ClassLoader::load_classfile(symbolHandle, Thread*)+0x221
V  [libjvm.so+0x407f92]  SystemDictionary::load_instance_class(symbolHandle, Handle, Thread*)+0xf2
V  [libjvm.so+0x40602e]  SystemDictionary::resolve_instance_class_or_null(symbolHandle, Handle, Handle, Thread*)+0x55e
V  [libjvm.so+0x404df6]  SystemDictionary::resolve_or_null(symbolHandle, Handle, Handle, Thread*)+0x66
V  [libjvm.so+0x404a60]  SystemDictionary::resolve_or_fail(symbolHandle, Handle, Handle, bool, Thread*)+0x30
V  [libjvm.so+0x40987a]  SystemDictionary::initialize_wk_klass(SystemDictionary::WKID, int, Thread*)+0x6a
V  [libjvm.so+0x40990c]  SystemDictionary::initialize_wk_klasses_until(SystemDictionary::WKID, SystemDictionary::WKID&, Thread*)+0x4c
V  [libjvm.so+0x4099d0]  SystemDictionary::initialize_preloaded_classes(Thread*)+0x70
V  [libjvm.so+0x4097a1]  SystemDictionary::initialize(Thread*)+0xe1
V  [libjvm.so+0x4453ca]  Universe::genesis(Thread*)+0x4da
V  [libjvm.so+0x446a8f]  universe2_init()+0x1f
V  [libjvm.so+0x225ed8]  init_globals()+0x98
V  [libjvm.so+0x4395d2]  Threads::create_vm(JavaVMInitArgs*, bool*)+0x242
V  [libjvm.so+0x280956]  JNI_CreateJavaVM+0x56
C  [java+0x305c]
C  [java+0x1942]  JavaMain+0x72
C  [libpthread.so.0+0x580e]  short+0xbe


---------------  P R O C E S S  ---------------

Java Threads: ( => current thread )

Other Threads:

=>0x09668000 (exited) JavaThread "Unknown thread" [_thread_in_vm, id=8389, stack(0xb6caf000,0xb6d00000)]

VM state:not at safepoint (not fully initialized)

VM Mutex/Monitor currently owned by a thread: None

Dynamic libraries:
08048000-08052000 r-xp 00000000 08:06 208096     /home/doriane/dev/jdk1.6.0_30/bin/java
08052000-08053000 rwxp 00009000 08:06 208096     /home/doriane/dev/jdk1.6.0_30/bin/java
09662000-096dd000 rwxp 00000000 00:00 0          [heap]
a0e26000-a0e8b000 r-xs 004cb000 08:05 31705      /media/CE10769E10768CE9_/android-sdk-linux1/platforms/android-8/android.jar
a0e8b000-a0e92000 rwxp 00000000 00:00 0 
a0e92000-a0eac000 rwxp 00000000 00:00 0 
a0eac000-a0eb2000 rwxp 00000000 00:00 0 
a0eb2000-a0f01000 rwxp 00000000 00:00 0 
a0f01000-a0f04000 rwxp 00000000 00:00 0 
a0f04000-a0f2b000 rwxp 00000000 00:00 0 
a0f2b000-a0f31000 rwxp 00000000 00:00 0 
a0f31000-a0f7f000 rwxp 00000000 00:00 0 
a0f7f000-a0f85000 rwxp 00000000 00:00 0 
a0f85000-a0f9f000 rwxp 00000000 00:00 0 
a0f9f000-a14d0000 rwxp 00000000 00:00 0 
a14d0000-a63a0000 rwxp 00000000 00:00 0 
a63a0000-a6e20000 rwxp 00000000 00:00 0 
a6e20000-b0ba0000 rwxp 00000000 00:00 0 
b0ba0000-b17a0000 rwxp 00000000 00:00 0 
b17a0000-b4ba0000 rwxp 00000000 00:00 0 
b4ba6000-b4ba7000 rwxp 00000000 00:00 0 
b4ba7000-b4c26000 rwxp 00000000 00:00 0 
b4c26000-b4c56000 rwxp 00000000 00:00 0 
b4c56000-b6c26000 rwxp 00000000 00:00 0 
b6c26000-b6c35000 r-xp 00000000 08:06 220960     /home/doriane/dev/jdk1.6.0_30/jre/lib/i386/libzip.so
b6c35000-b6c37000 rwxp 0000e000 08:06 220960     /home/doriane/dev/jdk1.6.0_30/jre/lib/i386/libzip.so
b6c37000-b6c41000 r-xp 00000000 08:06 67119      /lib/tls/i686/cmov/libnss_files-2.10.1.so
b6c41000-b6c42000 r-xp 00009000 08:06 67119      /lib/tls/i686/cmov/libnss_files-2.10.1.so
b6c42000-b6c43000 rwxp 0000a000 08:06 67119      /lib/tls/i686/cmov/libnss_files-2.10.1.so
b6c43000-b6c4c000 r-xp 00000000 08:06 67123      /lib/tls/i686/cmov/libnss_nis-2.10.1.so
b6c4c000-b6c4d000 r-xp 00008000 08:06 67123      /lib/tls/i686/cmov/libnss_nis-2.10.1.so
b6c4d000-b6c4e000 rwxp 00009000 08:06 67123      /lib/tls/i686/cmov/libnss_nis-2.10.1.so
b6c54000-b6c5c000 rwxs 00000000 08:06 42671      /tmp/hsperfdata_doriane/8384
b6c5c000-b6c6f000 r-xp 00000000 08:06 67113      /lib/tls/i686/cmov/libnsl-2.10.1.so
b6c6f000-b6c70000 r-xp 00012000 08:06 67113      /lib/tls/i686/cmov/libnsl-2.10.1.so
b6c70000-b6c71000 rwxp 00013000 08:06 67113      /lib/tls/i686/cmov/libnsl-2.10.1.so
b6c71000-b6c73000 rwxp 00000000 00:00 0 
b6c77000-b6c7d000 r-xp 00000000 08:06 67115      /lib/tls/i686/cmov/libnss_compat-2.10.1.so
b6c7d000-b6c7e000 r-xp 00005000 08:06 67115      /lib/tls/i686/cmov/libnss_compat-2.10.1.so
b6c7e000-b6c7f000 rwxp 00006000 08:06 67115      /lib/tls/i686/cmov/libnss_compat-2.10.1.so
b6c7f000-b6c80000 rwxp 00000000 00:00 0 
b6c80000-b6c81000 r-xp 00000000 00:00 0 
b6c81000-b6ca4000 r-xp 00000000 08:06 220958     /home/doriane/dev/jdk1.6.0_30/jre/lib/i386/libjava.so
b6ca4000-b6ca6000 rwxp 00023000 08:06 220958     /home/doriane/dev/jdk1.6.0_30/jre/lib/i386/libjava.so
b6ca6000-b6cad000 r-xp 00000000 08:06 67132      /lib/tls/i686/cmov/librt-2.10.1.so
b6cad000-b6cae000 r-xp 00006000 08:06 67132      /lib/tls/i686/cmov/librt-2.10.1.so
b6cae000-b6caf000 rwxp 00007000 08:06 67132      /lib/tls/i686/cmov/librt-2.10.1.so
b6caf000-b6cb2000 ---p 00000000 00:00 0 
b6cb2000-b6d00000 rwxp 00000000 00:00 0 
b6d00000-b6d24000 r-xp 00000000 08:06 67110      /lib/tls/i686/cmov/libm-2.10.1.so
b6d24000-b6d25000 r-xp 00023000 08:06 67110      /lib/tls/i686/cmov/libm-2.10.1.so
b6d25000-b6d26000 rwxp 00024000 08:06 67110      /lib/tls/i686/cmov/libm-2.10.1.so
b6d26000-b7207000 r-xp 00000000 08:06 229550     /home/doriane/dev/jdk1.6.0_30/jre/lib/i386/client/libjvm.so
b7207000-b722a000 rwxp 004e1000 08:06 229550     /home/doriane/dev/jdk1.6.0_30/jre/lib/i386/client/libjvm.so
b722a000-b7647000 rwxp 00000000 00:00 0 
b7647000-b7785000 r-xp 00000000 08:06 67102      /lib/tls/i686/cmov/libc-2.10.1.so
b7785000-b7787000 r-xp 0013e000 08:06 67102      /lib/tls/i686/cmov/libc-2.10.1.so
b7787000-b7788000 rwxp 00140000 08:06 67102      /lib/tls/i686/cmov/libc-2.10.1.so
b7788000-b778b000 rwxp 00000000 00:00 0 
b778b000-b778d000 r-xp 00000000 08:06 67108      /lib/tls/i686/cmov/libdl-2.10.1.so
b778d000-b778e000 r-xp 00001000 08:06 67108      /lib/tls/i686/cmov/libdl-2.10.1.so
b778e000-b778f000 rwxp 00002000 08:06 67108      /lib/tls/i686/cmov/libdl-2.10.1.so
b778f000-b7796000 r-xp 00000000 08:06 229554     /home/doriane/dev/jdk1.6.0_30/jre/lib/i386/jli/libjli.so
b7796000-b7798000 rwxp 00006000 08:06 229554     /home/doriane/dev/jdk1.6.0_30/jre/lib/i386/jli/libjli.so
b7798000-b7799000 rwxp 00000000 00:00 0 
b7799000-b77ae000 r-xp 00000000 08:06 67128      /lib/tls/i686/cmov/libpthread-2.10.1.so
b77ae000-b77af000 r-xp 00014000 08:06 67128      /lib/tls/i686/cmov/libpthread-2.10.1.so
b77af000-b77b0000 rwxp 00015000 08:06 67128      /lib/tls/i686/cmov/libpthread-2.10.1.so
b77b0000-b77b2000 rwxp 00000000 00:00 0 
b77b4000-b77bf000 r-xp 00000000 08:06 220957     /home/doriane/dev/jdk1.6.0_30/jre/lib/i386/libverify.so
b77bf000-b77c0000 rwxp 0000b000 08:06 220957     /home/doriane/dev/jdk1.6.0_30/jre/lib/i386/libverify.so
b77c0000-b77c2000 rwxp 00000000 00:00 0 
b77c2000-b77c3000 r-xp 00000000 00:00 0          [vdso]
b77c3000-b77de000 r-xp 00000000 08:06 56696      /lib/ld-2.10.1.so
b77de000-b77df000 r-xp 0001a000 08:06 56696      /lib/ld-2.10.1.so
b77df000-b77e0000 rwxp 0001b000 08:06 56696      /lib/ld-2.10.1.so
bff92000-bffa7000 rwxp 00000000 00:00 0          [stack]

VM Arguments:
jvm_args: -Dfile.encoding=UTF-8 -Xbootclasspath:/media/CE10769E10768CE9_/android-sdk-linux1/platforms/android-8/android.jar 
java_command: com.example.bizzgo.ClientBD
Launcher Type: SUN_STANDARD

Environment Variables:
JAVA_HOME=/home/doriane/dev/jdk1.6.0_30
PATH=/home/doriane/dev/android-sdk-linux_x86-1.6_r1/tools:/home/doriane/dev/jboss-6.0.0/bin:/usr/local/sbin:/usr/local/bin:/usr/sbin:/usr/bin:/sbin:/bin:/usr/games:/home/doriane/dev/eclipse:/home/doriane/dev/jdk1.6.0_30/bin:/usr/local/sbin:/usr/local/bin:/usr/sbin:/usr/bin:/sbin:/bin:/usr/games
USERNAME=doriane
LD_LIBRARY_PATH=/home/doriane/dev/jdk1.6.0_30/jre/lib/i386/client:/home/doriane/dev/jdk1.6.0_30/jre/lib/i386:/home/doriane/dev/jdk1.6.0_30/jre/../lib/i386:/home/doriane/dev/jdk1.6.0_30/jre/lib/i386/client:/home/doriane/dev/jdk1.6.0_30/jre/lib/i386:
SHELL=/bin/bash
DISPLAY=:0.0

Signal Handlers:
SIGSEGV: [libjvm.so+0x469da0], sa_mask[0]=0x7ffbfeff, sa_flags=0x10000004
SIGBUS: [libjvm.so+0x469da0], sa_mask[0]=0x7ffbfeff, sa_flags=0x10000004
SIGFPE: [libjvm.so+0x38bdd0], sa_mask[0]=0x7ffbfeff, sa_flags=0x10000004
SIGPIPE: [libjvm.so+0x38bdd0], sa_mask[0]=0x7ffbfeff, sa_flags=0x10000004
SIGXFSZ: [libjvm.so+0x38bdd0], sa_mask[0]=0x7ffbfeff, sa_flags=0x10000004
SIGILL: [libjvm.so+0x38bdd0], sa_mask[0]=0x7ffbfeff, sa_flags=0x10000004
SIGUSR1: SIG_DFL, sa_mask[0]=0x00000000, sa_flags=0x00000000
SIGUSR2: [libjvm.so+0x38f030], sa_mask[0]=0x00000004, sa_flags=0x10000004
SIGHUP: SIG_DFL, sa_mask[0]=0x00000000, sa_flags=0x00000000
SIGINT: SIG_DFL, sa_mask[0]=0x00000000, sa_flags=0x00000000
SIGTERM: SIG_DFL, sa_mask[0]=0x00000000, sa_flags=0x00000000
SIGQUIT: SIG_DFL, sa_mask[0]=0x00000000, sa_flags=0x00000000


---------------  S Y S T E M  ---------------

OS:squeeze/sid

uname:Linux 2.6.31-14-generic #48-Ubuntu SMP Fri Oct 16 14:04:26 UTC 2009 i686
libc:glibc 2.10.1 NPTL 2.10.1 
rlimit: STACK 8192k, CORE 0k, NPROC infinity, NOFILE 1024, AS infinity
load average:2.35 1.29 0.71

/proc/meminfo:
MemTotal:        1026468 kB
MemFree:           54916 kB
Buffers:           61488 kB
Cached:           263776 kB
SwapCached:        16512 kB
Active:           468024 kB
Inactive:         426892 kB
Active(anon):     345464 kB
Inactive(anon):   234536 kB
Active(file):     122560 kB
Inactive(file):   192356 kB
Unevictable:           0 kB
Mlocked:               0 kB
HighTotal:        139080 kB
HighFree:            252 kB
LowTotal:         887388 kB
LowFree:           54664 kB
SwapTotal:        971892 kB
SwapFree:         840028 kB
Dirty:               164 kB
Writeback:             0 kB
AnonPages:        560884 kB
Mapped:            83096 kB
Slab:              24268 kB
SReclaimable:      10844 kB
SUnreclaim:        13424 kB
PageTables:         6772 kB
NFS_Unstable:          0 kB
Bounce:                0 kB
WritebackTmp:          0 kB
CommitLimit:     1485124 kB
Committed_AS:    1479976 kB
VmallocTotal:     122880 kB
VmallocUsed:        7276 kB
VmallocChunk:     106996 kB
HugePages_Total:       0
HugePages_Free:        0
HugePages_Rsvd:        0
HugePages_Surp:        0
Hugepagesize:       4096 kB
DirectMap4k:       57336 kB
DirectMap4M:      851968 kB


CPU:total 1 (1 cores per cpu, 1 threads per core) family 6 model 13 stepping 6, cmov, cx8, fxsr, mmx, sse, sse2

/proc/cpuinfo:
processor	: 0
vendor_id	: GenuineIntel
cpu family	: 6
model		: 13
model name	: Intel(R) Pentium(R) M processor 1.80GHz
stepping	: 6
cpu MHz		: 1800.000
cache size	: 2048 KB
fdiv_bug	: no
hlt_bug		: no
f00f_bug	: no
coma_bug	: no
fpu		: yes
fpu_exception	: yes
cpuid level	: 2
wp		: yes
flags		: fpu vme de pse tsc msr mce cx8 mtrr pge mca cmov clflush dts acpi mmx fxsr sse sse2 ss tm pbe up bts est tm2
bogomips	: 3588.43
clflush size	: 64
power management:



Memory: 4k page, physical 1026468k(54916k free), swap 971892k(840028k free)

vm_info: Java HotSpot(TM) Client VM (20.5-b03) for linux-x86 JRE (1.6.0_30-b12), built on Nov 10 2011 01:23:40 by "java_re" with gcc 3.2.1-7a (J2SE release)

time: Tue Aug 28 14:44:59 2012
elapsed time: 0 seconds

