#
# A fatal error has been detected by the Java Runtime Environment:
#
#  Internal Error (classFileParser.cpp:3494), pid=8283, tid=3066276720
#  Error: ShouldNotReachHere()
#
# JRE version: 6.0_30-b12
# Java VM: Java HotSpot(TM) Client VM (20.5-b03 mixed mode linux-x86 )
# If you would like to submit a bug report, please visit:
#   http://java.sun.com/webapps/bugreport/crash.jsp
#

---------------  T H R E A D  ---------------

Current thread (0x08a08000):  JavaThread "Unknown thread" [_thread_in_vm, id=8288, stack(0xb6bea000,0xb6c3b000)]

Stack: [0xb6bea000,0xb6c3b000],  sp=0xb6c397d0,  free space=317k
Native frames: (J=compiled Java code, j=interpreted, Vv=VM code, C=native code)
V  [libjvm.so+0x469140]  VMError::report_and_die()+0x2b0
V  [libjvm.so+0x1c68af]  report_should_not_reach_here(char const*, int)+0x3f
V  [libjvm.so+0x171c3a]  ClassFileParser::parseClassFile(symbolHandle, Handle, Handle, KlassHandle, GrowableArray<Handle>*, symbolHandle&, bool, Thread*)+0x2d9a
V  [libjvm.so+0x177c81]  ClassLoader::load_classfile(symbolHandle, Thread*)+0x221
V  [libjvm.so+0x407f92]  SystemDictionary::load_instance_class(symbolHandle, Handle, Thread*)+0xf2
V  [libjvm.so+0x40602e]  SystemDictionary::resolve_instance_class_or_null(symbolHandle, Handle, Handle, Thread*)+0x55e
V  [libjvm.so+0x404df6]  SystemDictionary::resolve_or_null(symbolHandle, Handle, Handle, Thread*)+0x66
V  [libjvm.so+0x404a60]  SystemDictionary::resolve_or_fail(symbolHandle, Handle, Handle, bool, Thread*)+0x30
V  [libjvm.so+0x40987a]  SystemDictionary::initialize_wk_klass(SystemDictionary::WKID, int, Thread*)+0x6a
V  [libjvm.so+0x40990c]  SystemDictionary::initialize_wk_klasses_until(SystemDictionary::WKID, SystemDictionary::WKID&, Thread*)+0x4c
V  [libjvm.so+0x4099d0]  SystemDictionary::initialize_preloaded_classes(Thread*)+0x70
V  [libjvm.so+0x4097a1]  SystemDictionary::initialize(Thread*)+0xe1
V  [libjvm.so+0x4453ca]  Universe::genesis(Thread*)+0x4da
V  [libjvm.so+0x446a8f]  universe2_init()+0x1f
V  [libjvm.so+0x225ed8]  init_globals()+0x98
V  [libjvm.so+0x4395d2]  Threads::create_vm(JavaVMInitArgs*, bool*)+0x242
V  [libjvm.so+0x280956]  JNI_CreateJavaVM+0x56
C  [java+0x305c]
C  [java+0x1942]  JavaMain+0x72
C  [libpthread.so.0+0x580e]  short+0xbe


---------------  P R O C E S S  ---------------

Java Threads: ( => current thread )

Other Threads:

=>0x08a08000 (exited) JavaThread "Unknown thread" [_thread_in_vm, id=8288, stack(0xb6bea000,0xb6c3b000)]

VM state:not at safepoint (not fully initialized)

VM Mutex/Monitor currently owned by a thread: None

Dynamic libraries:
08048000-08052000 r-xp 00000000 08:06 208096     /home/doriane/dev/jdk1.6.0_30/bin/java
08052000-08053000 rwxp 00009000 08:06 208096     /home/doriane/dev/jdk1.6.0_30/bin/java
08a02000-08a7d000 rwxp 00000000 00:00 0          [heap]
a0d66000-a0dcb000 r-xs 004cb000 08:05 31705      /media/CE10769E10768CE9_/android-sdk-linux1/platforms/android-8/android.jar
a0dcb000-a0dd2000 rwxp 00000000 00:00 0 
a0dd2000-a0dec000 rwxp 00000000 00:00 0 
a0dec000-a0df2000 rwxp 00000000 00:00 0 
a0df2000-a0e41000 rwxp 00000000 00:00 0 
a0e41000-a0e44000 rwxp 00000000 00:00 0 
a0e44000-a0e6b000 rwxp 00000000 00:00 0 
a0e6b000-a0e71000 rwxp 00000000 00:00 0 
a0e71000-a0ebf000 rwxp 00000000 00:00 0 
a0ebf000-a0ec5000 rwxp 00000000 00:00 0 
a0ec5000-a0edf000 rwxp 00000000 00:00 0 
a0edf000-a1410000 rwxp 00000000 00:00 0 
a1410000-a62e0000 rwxp 00000000 00:00 0 
a62e0000-a6d60000 rwxp 00000000 00:00 0 
a6d60000-b0ae0000 rwxp 00000000 00:00 0 
b0ae0000-b16e0000 rwxp 00000000 00:00 0 
b16e0000-b4ae0000 rwxp 00000000 00:00 0 
b4ae1000-b4ae2000 rwxp 00000000 00:00 0 
b4ae2000-b4b61000 rwxp 00000000 00:00 0 
b4b61000-b4b91000 rwxp 00000000 00:00 0 
b4b91000-b6b61000 rwxp 00000000 00:00 0 
b6b61000-b6b70000 r-xp 00000000 08:06 220960     /home/doriane/dev/jdk1.6.0_30/jre/lib/i386/libzip.so
b6b70000-b6b72000 rwxp 0000e000 08:06 220960     /home/doriane/dev/jdk1.6.0_30/jre/lib/i386/libzip.so
b6b72000-b6b7c000 r-xp 00000000 08:06 67119      /lib/tls/i686/cmov/libnss_files-2.10.1.so
b6b7c000-b6b7d000 r-xp 00009000 08:06 67119      /lib/tls/i686/cmov/libnss_files-2.10.1.so
b6b7d000-b6b7e000 rwxp 0000a000 08:06 67119      /lib/tls/i686/cmov/libnss_files-2.10.1.so
b6b7e000-b6b87000 r-xp 00000000 08:06 67123      /lib/tls/i686/cmov/libnss_nis-2.10.1.so
b6b87000-b6b88000 r-xp 00008000 08:06 67123      /lib/tls/i686/cmov/libnss_nis-2.10.1.so
b6b88000-b6b89000 rwxp 00009000 08:06 67123      /lib/tls/i686/cmov/libnss_nis-2.10.1.so
b6b8f000-b6b97000 rwxs 00000000 08:06 43528      /tmp/hsperfdata_doriane/8283
b6b97000-b6baa000 r-xp 00000000 08:06 67113      /lib/tls/i686/cmov/libnsl-2.10.1.so
b6baa000-b6bab000 r-xp 00012000 08:06 67113      /lib/tls/i686/cmov/libnsl-2.10.1.so
b6bab000-b6bac000 rwxp 00013000 08:06 67113      /lib/tls/i686/cmov/libnsl-2.10.1.so
b6bac000-b6bae000 rwxp 00000000 00:00 0 
b6bb2000-b6bb8000 r-xp 00000000 08:06 67115      /lib/tls/i686/cmov/libnss_compat-2.10.1.so
b6bb8000-b6bb9000 r-xp 00005000 08:06 67115      /lib/tls/i686/cmov/libnss_compat-2.10.1.so
b6bb9000-b6bba000 rwxp 00006000 08:06 67115      /lib/tls/i686/cmov/libnss_compat-2.10.1.so
b6bba000-b6bbb000 rwxp 00000000 00:00 0 
b6bbb000-b6bbc000 r-xp 00000000 00:00 0 
b6bbc000-b6bdf000 r-xp 00000000 08:06 220958     /home/doriane/dev/jdk1.6.0_30/jre/lib/i386/libjava.so
b6bdf000-b6be1000 rwxp 00023000 08:06 220958     /home/doriane/dev/jdk1.6.0_30/jre/lib/i386/libjava.so
b6be1000-b6be8000 r-xp 00000000 08:06 67132      /lib/tls/i686/cmov/librt-2.10.1.so
b6be8000-b6be9000 r-xp 00006000 08:06 67132      /lib/tls/i686/cmov/librt-2.10.1.so
b6be9000-b6bea000 rwxp 00007000 08:06 67132      /lib/tls/i686/cmov/librt-2.10.1.so
b6bea000-b6bed000 ---p 00000000 00:00 0 
b6bed000-b6c3b000 rwxp 00000000 00:00 0 
b6c3b000-b6c5f000 r-xp 00000000 08:06 67110      /lib/tls/i686/cmov/libm-2.10.1.so
b6c5f000-b6c60000 r-xp 00023000 08:06 67110      /lib/tls/i686/cmov/libm-2.10.1.so
b6c60000-b6c61000 rwxp 00024000 08:06 67110      /lib/tls/i686/cmov/libm-2.10.1.so
b6c61000-b7142000 r-xp 00000000 08:06 229550     /home/doriane/dev/jdk1.6.0_30/jre/lib/i386/client/libjvm.so
b7142000-b7165000 rwxp 004e1000 08:06 229550     /home/doriane/dev/jdk1.6.0_30/jre/lib/i386/client/libjvm.so
b7165000-b7582000 rwxp 00000000 00:00 0 
b7582000-b76c0000 r-xp 00000000 08:06 67102      /lib/tls/i686/cmov/libc-2.10.1.so
b76c0000-b76c2000 r-xp 0013e000 08:06 67102      /lib/tls/i686/cmov/libc-2.10.1.so
b76c2000-b76c3000 rwxp 00140000 08:06 67102      /lib/tls/i686/cmov/libc-2.10.1.so
b76c3000-b76c6000 rwxp 00000000 00:00 0 
b76c6000-b76c8000 r-xp 00000000 08:06 67108      /lib/tls/i686/cmov/libdl-2.10.1.so
b76c8000-b76c9000 r-xp 00001000 08:06 67108      /lib/tls/i686/cmov/libdl-2.10.1.so
b76c9000-b76ca000 rwxp 00002000 08:06 67108      /lib/tls/i686/cmov/libdl-2.10.1.so
b76ca000-b76d1000 r-xp 00000000 08:06 229554     /home/doriane/dev/jdk1.6.0_30/jre/lib/i386/jli/libjli.so
b76d1000-b76d3000 rwxp 00006000 08:06 229554     /home/doriane/dev/jdk1.6.0_30/jre/lib/i386/jli/libjli.so
b76d3000-b76d4000 rwxp 00000000 00:00 0 
b76d4000-b76e9000 r-xp 00000000 08:06 67128      /lib/tls/i686/cmov/libpthread-2.10.1.so
b76e9000-b76ea000 r-xp 00014000 08:06 67128      /lib/tls/i686/cmov/libpthread-2.10.1.so
b76ea000-b76eb000 rwxp 00015000 08:06 67128      /lib/tls/i686/cmov/libpthread-2.10.1.so
b76eb000-b76ed000 rwxp 00000000 00:00 0 
b76ef000-b76fa000 r-xp 00000000 08:06 220957     /home/doriane/dev/jdk1.6.0_30/jre/lib/i386/libverify.so
b76fa000-b76fb000 rwxp 0000b000 08:06 220957     /home/doriane/dev/jdk1.6.0_30/jre/lib/i386/libverify.so
b76fb000-b76fd000 rwxp 00000000 00:00 0 
b76fd000-b76fe000 r-xp 00000000 00:00 0          [vdso]
b76fe000-b7719000 r-xp 00000000 08:06 56696      /lib/ld-2.10.1.so
b7719000-b771a000 r-xp 0001a000 08:06 56696      /lib/ld-2.10.1.so
b771a000-b771b000 rwxp 0001b000 08:06 56696      /lib/ld-2.10.1.so
bf9f0000-bfa05000 rwxp 00000000 00:00 0          [stack]

VM Arguments:
jvm_args: -Dfile.encoding=UTF-8 -Xbootclasspath:/media/CE10769E10768CE9_/android-sdk-linux1/platforms/android-8/android.jar 
java_command: com.example.bizzgo.ClientBD
Launcher Type: SUN_STANDARD

Environment Variables:
JAVA_HOME=/home/doriane/dev/jdk1.6.0_30
PATH=/home/doriane/dev/android-sdk-linux_x86-1.6_r1/tools:/home/doriane/dev/jboss-6.0.0/bin:/usr/local/sbin:/usr/local/bin:/usr/sbin:/usr/bin:/sbin:/bin:/usr/games:/home/doriane/dev/eclipse:/home/doriane/dev/jdk1.6.0_30/bin:/usr/local/sbin:/usr/local/bin:/usr/sbin:/usr/bin:/sbin:/bin:/usr/games
USERNAME=doriane
LD_LIBRARY_PATH=/home/doriane/dev/jdk1.6.0_30/jre/lib/i386/client:/home/doriane/dev/jdk1.6.0_30/jre/lib/i386:/home/doriane/dev/jdk1.6.0_30/jre/../lib/i386:/home/doriane/dev/jdk1.6.0_30/jre/lib/i386/client:/home/doriane/dev/jdk1.6.0_30/jre/lib/i386:
SHELL=/bin/bash
DISPLAY=:0.0

Signal Handlers:
SIGSEGV: [libjvm.so+0x469da0], sa_mask[0]=0x7ffbfeff, sa_flags=0x10000004
SIGBUS: [libjvm.so+0x469da0], sa_mask[0]=0x7ffbfeff, sa_flags=0x10000004
SIGFPE: [libjvm.so+0x38bdd0], sa_mask[0]=0x7ffbfeff, sa_flags=0x10000004
SIGPIPE: [libjvm.so+0x38bdd0], sa_mask[0]=0x7ffbfeff, sa_flags=0x10000004
SIGXFSZ: [libjvm.so+0x38bdd0], sa_mask[0]=0x7ffbfeff, sa_flags=0x10000004
SIGILL: [libjvm.so+0x38bdd0], sa_mask[0]=0x7ffbfeff, sa_flags=0x10000004
SIGUSR1: SIG_DFL, sa_mask[0]=0x00000000, sa_flags=0x00000000
SIGUSR2: [libjvm.so+0x38f030], sa_mask[0]=0x00000004, sa_flags=0x10000004
SIGHUP: SIG_DFL, sa_mask[0]=0x00000000, sa_flags=0x00000000
SIGINT: SIG_DFL, sa_mask[0]=0x00000000, sa_flags=0x00000000
SIGTERM: SIG_DFL, sa_mask[0]=0x00000000, sa_flags=0x00000000
SIGQUIT: SIG_DFL, sa_mask[0]=0x00000000, sa_flags=0x00000000


---------------  S Y S T E M  ---------------

OS:squeeze/sid

uname:Linux 2.6.31-14-generic #48-Ubuntu SMP Fri Oct 16 14:04:26 UTC 2009 i686
libc:glibc 2.10.1 NPTL 2.10.1 
rlimit: STACK 8192k, CORE 0k, NPROC infinity, NOFILE 1024, AS infinity
load average:0.47 0.51 0.40

/proc/meminfo:
MemTotal:        1026468 kB
MemFree:           15340 kB
Buffers:           13772 kB
Cached:           127872 kB
SwapCached:        15216 kB
Active:           478064 kB
Inactive:         462288 kB
Active(anon):     403668 kB
Inactive(anon):   405508 kB
Active(file):      74396 kB
Inactive(file):    56780 kB
Unevictable:           0 kB
Mlocked:               0 kB
HighTotal:        139080 kB
HighFree:            448 kB
LowTotal:         887388 kB
LowFree:           14892 kB
SwapTotal:        971892 kB
SwapFree:         847320 kB
Dirty:                28 kB
Writeback:             0 kB
AnonPages:        790800 kB
Mapped:            89340 kB
Slab:              17836 kB
SReclaimable:       8268 kB
SUnreclaim:         9568 kB
PageTables:         7096 kB
NFS_Unstable:          0 kB
Bounce:                0 kB
WritebackTmp:          0 kB
CommitLimit:     1485124 kB
Committed_AS:    1734536 kB
VmallocTotal:     122880 kB
VmallocUsed:        7276 kB
VmallocChunk:     106996 kB
HugePages_Total:       0
HugePages_Free:        0
HugePages_Rsvd:        0
HugePages_Surp:        0
Hugepagesize:       4096 kB
DirectMap4k:       57336 kB
DirectMap4M:      851968 kB


CPU:total 1 (1 cores per cpu, 1 threads per core) family 6 model 13 stepping 6, cmov, cx8, fxsr, mmx, sse, sse2

/proc/cpuinfo:
processor	: 0
vendor_id	: GenuineIntel
cpu family	: 6
model		: 13
model name	: Intel(R) Pentium(R) M processor 1.80GHz
stepping	: 6
cpu MHz		: 1800.000
cache size	: 2048 KB
fdiv_bug	: no
hlt_bug		: no
f00f_bug	: no
coma_bug	: no
fpu		: yes
fpu_exception	: yes
cpuid level	: 2
wp		: yes
flags		: fpu vme de pse tsc msr mce cx8 mtrr pge mca cmov clflush dts acpi mmx fxsr sse sse2 ss tm pbe up bts est tm2
bogomips	: 3588.43
clflush size	: 64
power management:



Memory: 4k page, physical 1026468k(15340k free), swap 971892k(847320k free)

vm_info: Java HotSpot(TM) Client VM (20.5-b03) for linux-x86 JRE (1.6.0_30-b12), built on Nov 10 2011 01:23:40 by "java_re" with gcc 3.2.1-7a (J2SE release)

time: Tue Aug 28 14:40:08 2012
elapsed time: 0 seconds

