#
# A fatal error has been detected by the Java Runtime Environment:
#
#  Internal Error (classFileParser.cpp:3494), pid=7792, tid=3066735472
#  Error: ShouldNotReachHere()
#
# JRE version: 6.0_30-b12
# Java VM: Java HotSpot(TM) Client VM (20.5-b03 mixed mode linux-x86 )
# If you would like to submit a bug report, please visit:
#   http://java.sun.com/webapps/bugreport/crash.jsp
#

---------------  T H R E A D  ---------------

Current thread (0x09371000):  JavaThread "Unknown thread" [_thread_in_vm, id=7797, stack(0xb6c5a000,0xb6cab000)]

Stack: [0xb6c5a000,0xb6cab000],  sp=0xb6ca97d0,  free space=317k
Native frames: (J=compiled Java code, j=interpreted, Vv=VM code, C=native code)
V  [libjvm.so+0x469140]  VMError::report_and_die()+0x2b0
V  [libjvm.so+0x1c68af]  report_should_not_reach_here(char const*, int)+0x3f
V  [libjvm.so+0x171c3a]  ClassFileParser::parseClassFile(symbolHandle, Handle, Handle, KlassHandle, GrowableArray<Handle>*, symbolHandle&, bool, Thread*)+0x2d9a
V  [libjvm.so+0x177c81]  ClassLoader::load_classfile(symbolHandle, Thread*)+0x221
V  [libjvm.so+0x407f92]  SystemDictionary::load_instance_class(symbolHandle, Handle, Thread*)+0xf2
V  [libjvm.so+0x40602e]  SystemDictionary::resolve_instance_class_or_null(symbolHandle, Handle, Handle, Thread*)+0x55e
V  [libjvm.so+0x404df6]  SystemDictionary::resolve_or_null(symbolHandle, Handle, Handle, Thread*)+0x66
V  [libjvm.so+0x404a60]  SystemDictionary::resolve_or_fail(symbolHandle, Handle, Handle, bool, Thread*)+0x30
V  [libjvm.so+0x40987a]  SystemDictionary::initialize_wk_klass(SystemDictionary::WKID, int, Thread*)+0x6a
V  [libjvm.so+0x40990c]  SystemDictionary::initialize_wk_klasses_until(SystemDictionary::WKID, SystemDictionary::WKID&, Thread*)+0x4c
V  [libjvm.so+0x4099d0]  SystemDictionary::initialize_preloaded_classes(Thread*)+0x70
V  [libjvm.so+0x4097a1]  SystemDictionary::initialize(Thread*)+0xe1
V  [libjvm.so+0x4453ca]  Universe::genesis(Thread*)+0x4da
V  [libjvm.so+0x446a8f]  universe2_init()+0x1f
V  [libjvm.so+0x225ed8]  init_globals()+0x98
V  [libjvm.so+0x4395d2]  Threads::create_vm(JavaVMInitArgs*, bool*)+0x242
V  [libjvm.so+0x280956]  JNI_CreateJavaVM+0x56
C  [java+0x305c]
C  [java+0x1942]  JavaMain+0x72
C  [libpthread.so.0+0x580e]  short+0xbe


---------------  P R O C E S S  ---------------

Java Threads: ( => current thread )

Other Threads:

=>0x09371000 (exited) JavaThread "Unknown thread" [_thread_in_vm, id=7797, stack(0xb6c5a000,0xb6cab000)]

VM state:not at safepoint (not fully initialized)

VM Mutex/Monitor currently owned by a thread: None

Dynamic libraries:
08048000-08052000 r-xp 00000000 08:06 208096     /home/doriane/dev/jdk1.6.0_30/bin/java
08052000-08053000 rwxp 00009000 08:06 208096     /home/doriane/dev/jdk1.6.0_30/bin/java
0936b000-093e6000 rwxp 00000000 00:00 0          [heap]
a0dd6000-a0e3b000 r-xs 004cb000 08:05 31705      /media/CE10769E10768CE9_/android-sdk-linux1/platforms/android-8/android.jar
a0e3b000-a0e42000 rwxp 00000000 00:00 0 
a0e42000-a0e5c000 rwxp 00000000 00:00 0 
a0e5c000-a0e62000 rwxp 00000000 00:00 0 
a0e62000-a0eb1000 rwxp 00000000 00:00 0 
a0eb1000-a0eb4000 rwxp 00000000 00:00 0 
a0eb4000-a0edb000 rwxp 00000000 00:00 0 
a0edb000-a0ee1000 rwxp 00000000 00:00 0 
a0ee1000-a0f2f000 rwxp 00000000 00:00 0 
a0f2f000-a0f35000 rwxp 00000000 00:00 0 
a0f35000-a0f4f000 rwxp 00000000 00:00 0 
a0f4f000-a1480000 rwxp 00000000 00:00 0 
a1480000-a6350000 rwxp 00000000 00:00 0 
a6350000-a6dd0000 rwxp 00000000 00:00 0 
a6dd0000-b0b50000 rwxp 00000000 00:00 0 
b0b50000-b1750000 rwxp 00000000 00:00 0 
b1750000-b4b50000 rwxp 00000000 00:00 0 
b4b51000-b4b52000 rwxp 00000000 00:00 0 
b4b52000-b4bd1000 rwxp 00000000 00:00 0 
b4bd1000-b4c01000 rwxp 00000000 00:00 0 
b4c01000-b6bd1000 rwxp 00000000 00:00 0 
b6bd1000-b6be0000 r-xp 00000000 08:06 220960     /home/doriane/dev/jdk1.6.0_30/jre/lib/i386/libzip.so
b6be0000-b6be2000 rwxp 0000e000 08:06 220960     /home/doriane/dev/jdk1.6.0_30/jre/lib/i386/libzip.so
b6be2000-b6bec000 r-xp 00000000 08:06 67119      /lib/tls/i686/cmov/libnss_files-2.10.1.so
b6bec000-b6bed000 r-xp 00009000 08:06 67119      /lib/tls/i686/cmov/libnss_files-2.10.1.so
b6bed000-b6bee000 rwxp 0000a000 08:06 67119      /lib/tls/i686/cmov/libnss_files-2.10.1.so
b6bee000-b6bf7000 r-xp 00000000 08:06 67123      /lib/tls/i686/cmov/libnss_nis-2.10.1.so
b6bf7000-b6bf8000 r-xp 00008000 08:06 67123      /lib/tls/i686/cmov/libnss_nis-2.10.1.so
b6bf8000-b6bf9000 rwxp 00009000 08:06 67123      /lib/tls/i686/cmov/libnss_nis-2.10.1.so
b6bff000-b6c07000 rwxs 00000000 08:06 43339      /tmp/hsperfdata_doriane/7792
b6c07000-b6c1a000 r-xp 00000000 08:06 67113      /lib/tls/i686/cmov/libnsl-2.10.1.so
b6c1a000-b6c1b000 r-xp 00012000 08:06 67113      /lib/tls/i686/cmov/libnsl-2.10.1.so
b6c1b000-b6c1c000 rwxp 00013000 08:06 67113      /lib/tls/i686/cmov/libnsl-2.10.1.so
b6c1c000-b6c1e000 rwxp 00000000 00:00 0 
b6c22000-b6c28000 r-xp 00000000 08:06 67115      /lib/tls/i686/cmov/libnss_compat-2.10.1.so
b6c28000-b6c29000 r-xp 00005000 08:06 67115      /lib/tls/i686/cmov/libnss_compat-2.10.1.so
b6c29000-b6c2a000 rwxp 00006000 08:06 67115      /lib/tls/i686/cmov/libnss_compat-2.10.1.so
b6c2a000-b6c2b000 rwxp 00000000 00:00 0 
b6c2b000-b6c2c000 r-xp 00000000 00:00 0 
b6c2c000-b6c4f000 r-xp 00000000 08:06 220958     /home/doriane/dev/jdk1.6.0_30/jre/lib/i386/libjava.so
b6c4f000-b6c51000 rwxp 00023000 08:06 220958     /home/doriane/dev/jdk1.6.0_30/jre/lib/i386/libjava.so
b6c51000-b6c58000 r-xp 00000000 08:06 67132      /lib/tls/i686/cmov/librt-2.10.1.so
b6c58000-b6c59000 r-xp 00006000 08:06 67132      /lib/tls/i686/cmov/librt-2.10.1.so
b6c59000-b6c5a000 rwxp 00007000 08:06 67132      /lib/tls/i686/cmov/librt-2.10.1.so
b6c5a000-b6c5d000 ---p 00000000 00:00 0 
b6c5d000-b6cab000 rwxp 00000000 00:00 0 
b6cab000-b6ccf000 r-xp 00000000 08:06 67110      /lib/tls/i686/cmov/libm-2.10.1.so
b6ccf000-b6cd0000 r-xp 00023000 08:06 67110      /lib/tls/i686/cmov/libm-2.10.1.so
b6cd0000-b6cd1000 rwxp 00024000 08:06 67110      /lib/tls/i686/cmov/libm-2.10.1.so
b6cd1000-b71b2000 r-xp 00000000 08:06 229550     /home/doriane/dev/jdk1.6.0_30/jre/lib/i386/client/libjvm.so
b71b2000-b71d5000 rwxp 004e1000 08:06 229550     /home/doriane/dev/jdk1.6.0_30/jre/lib/i386/client/libjvm.so
b71d5000-b75f2000 rwxp 00000000 00:00 0 
b75f2000-b7730000 r-xp 00000000 08:06 67102      /lib/tls/i686/cmov/libc-2.10.1.so
b7730000-b7732000 r-xp 0013e000 08:06 67102      /lib/tls/i686/cmov/libc-2.10.1.so
b7732000-b7733000 rwxp 00140000 08:06 67102      /lib/tls/i686/cmov/libc-2.10.1.so
b7733000-b7736000 rwxp 00000000 00:00 0 
b7736000-b7738000 r-xp 00000000 08:06 67108      /lib/tls/i686/cmov/libdl-2.10.1.so
b7738000-b7739000 r-xp 00001000 08:06 67108      /lib/tls/i686/cmov/libdl-2.10.1.so
b7739000-b773a000 rwxp 00002000 08:06 67108      /lib/tls/i686/cmov/libdl-2.10.1.so
b773a000-b7741000 r-xp 00000000 08:06 229554     /home/doriane/dev/jdk1.6.0_30/jre/lib/i386/jli/libjli.so
b7741000-b7743000 rwxp 00006000 08:06 229554     /home/doriane/dev/jdk1.6.0_30/jre/lib/i386/jli/libjli.so
b7743000-b7744000 rwxp 00000000 00:00 0 
b7744000-b7759000 r-xp 00000000 08:06 67128      /lib/tls/i686/cmov/libpthread-2.10.1.so
b7759000-b775a000 r-xp 00014000 08:06 67128      /lib/tls/i686/cmov/libpthread-2.10.1.so
b775a000-b775b000 rwxp 00015000 08:06 67128      /lib/tls/i686/cmov/libpthread-2.10.1.so
b775b000-b775d000 rwxp 00000000 00:00 0 
b775f000-b776a000 r-xp 00000000 08:06 220957     /home/doriane/dev/jdk1.6.0_30/jre/lib/i386/libverify.so
b776a000-b776b000 rwxp 0000b000 08:06 220957     /home/doriane/dev/jdk1.6.0_30/jre/lib/i386/libverify.so
b776b000-b776d000 rwxp 00000000 00:00 0 
b776d000-b776e000 r-xp 00000000 00:00 0          [vdso]
b776e000-b7789000 r-xp 00000000 08:06 56696      /lib/ld-2.10.1.so
b7789000-b778a000 r-xp 0001a000 08:06 56696      /lib/ld-2.10.1.so
b778a000-b778b000 rwxp 0001b000 08:06 56696      /lib/ld-2.10.1.so
bf947000-bf95c000 rwxp 00000000 00:00 0          [stack]

VM Arguments:
jvm_args: -Dfile.encoding=UTF-8 -Xbootclasspath:/media/CE10769E10768CE9_/android-sdk-linux1/platforms/android-8/android.jar 
java_command: com.example.bizzgo.ClientBD
Launcher Type: SUN_STANDARD

Environment Variables:
JAVA_HOME=/home/doriane/dev/jdk1.6.0_30
PATH=/home/doriane/dev/android-sdk-linux_x86-1.6_r1/tools:/home/doriane/dev/jboss-6.0.0/bin:/usr/local/sbin:/usr/local/bin:/usr/sbin:/usr/bin:/sbin:/bin:/usr/games:/home/doriane/dev/eclipse:/home/doriane/dev/jdk1.6.0_30/bin:/usr/local/sbin:/usr/local/bin:/usr/sbin:/usr/bin:/sbin:/bin:/usr/games
USERNAME=doriane
LD_LIBRARY_PATH=/home/doriane/dev/jdk1.6.0_30/jre/lib/i386/client:/home/doriane/dev/jdk1.6.0_30/jre/lib/i386:/home/doriane/dev/jdk1.6.0_30/jre/../lib/i386:/home/doriane/dev/jdk1.6.0_30/jre/lib/i386/client:/home/doriane/dev/jdk1.6.0_30/jre/lib/i386:
SHELL=/bin/bash
DISPLAY=:0.0

Signal Handlers:
SIGSEGV: [libjvm.so+0x469da0], sa_mask[0]=0x7ffbfeff, sa_flags=0x10000004
SIGBUS: [libjvm.so+0x469da0], sa_mask[0]=0x7ffbfeff, sa_flags=0x10000004
SIGFPE: [libjvm.so+0x38bdd0], sa_mask[0]=0x7ffbfeff, sa_flags=0x10000004
SIGPIPE: [libjvm.so+0x38bdd0], sa_mask[0]=0x7ffbfeff, sa_flags=0x10000004
SIGXFSZ: [libjvm.so+0x38bdd0], sa_mask[0]=0x7ffbfeff, sa_flags=0x10000004
SIGILL: [libjvm.so+0x38bdd0], sa_mask[0]=0x7ffbfeff, sa_flags=0x10000004
SIGUSR1: SIG_DFL, sa_mask[0]=0x00000000, sa_flags=0x00000000
SIGUSR2: [libjvm.so+0x38f030], sa_mask[0]=0x00000004, sa_flags=0x10000004
SIGHUP: SIG_DFL, sa_mask[0]=0x00000000, sa_flags=0x00000000
SIGINT: SIG_DFL, sa_mask[0]=0x00000000, sa_flags=0x00000000
SIGTERM: SIG_DFL, sa_mask[0]=0x00000000, sa_flags=0x00000000
SIGQUIT: SIG_DFL, sa_mask[0]=0x00000000, sa_flags=0x00000000


---------------  S Y S T E M  ---------------

OS:squeeze/sid

uname:Linux 2.6.31-14-generic #48-Ubuntu SMP Fri Oct 16 14:04:26 UTC 2009 i686
libc:glibc 2.10.1 NPTL 2.10.1 
rlimit: STACK 8192k, CORE 0k, NPROC infinity, NOFILE 1024, AS infinity
load average:0.64 0.58 0.42

/proc/meminfo:
MemTotal:        1026468 kB
MemFree:           14772 kB
Buffers:           11072 kB
Cached:           179352 kB
SwapCached:        15620 kB
Active:           475288 kB
Inactive:         463112 kB
Active(anon):     378856 kB
Inactive(anon):   379328 kB
Active(file):      96432 kB
Inactive(file):    83784 kB
Unevictable:           0 kB
Mlocked:               0 kB
HighTotal:        139080 kB
HighFree:            308 kB
LowTotal:         887388 kB
LowFree:           14464 kB
SwapTotal:        971892 kB
SwapFree:         855272 kB
Dirty:                96 kB
Writeback:            52 kB
AnonPages:        737764 kB
Mapped:            66124 kB
Slab:              20820 kB
SReclaimable:      10944 kB
SUnreclaim:         9876 kB
PageTables:         6716 kB
NFS_Unstable:          0 kB
Bounce:                0 kB
WritebackTmp:          0 kB
CommitLimit:     1485124 kB
Committed_AS:    1605792 kB
VmallocTotal:     122880 kB
VmallocUsed:        7276 kB
VmallocChunk:     106996 kB
HugePages_Total:       0
HugePages_Free:        0
HugePages_Rsvd:        0
HugePages_Surp:        0
Hugepagesize:       4096 kB
DirectMap4k:       57336 kB
DirectMap4M:      851968 kB


CPU:total 1 (1 cores per cpu, 1 threads per core) family 6 model 13 stepping 6, cmov, cx8, fxsr, mmx, sse, sse2

/proc/cpuinfo:
processor	: 0
vendor_id	: GenuineIntel
cpu family	: 6
model		: 13
model name	: Intel(R) Pentium(R) M processor 1.80GHz
stepping	: 6
cpu MHz		: 600.000
cache size	: 2048 KB
fdiv_bug	: no
hlt_bug		: no
f00f_bug	: no
coma_bug	: no
fpu		: yes
fpu_exception	: yes
cpuid level	: 2
wp		: yes
flags		: fpu vme de pse tsc msr mce cx8 mtrr pge mca cmov clflush dts acpi mmx fxsr sse sse2 ss tm pbe up bts est tm2
bogomips	: 1196.14
clflush size	: 64
power management:



Memory: 4k page, physical 1026468k(14772k free), swap 971892k(855272k free)

vm_info: Java HotSpot(TM) Client VM (20.5-b03) for linux-x86 JRE (1.6.0_30-b12), built on Nov 10 2011 01:23:40 by "java_re" with gcc 3.2.1-7a (J2SE release)

time: Tue Aug 28 14:11:24 2012
elapsed time: 0 seconds

